<?xml version="1.0" encoding="UTF-8"?>
<testsuite name="snakeGame.testScore" tests="2" skipped="0" failures="0" errors="0" timestamp="2023-05-25T23:23:20" hostname="Emilys-MacBook-Pro.local" time="0.0">
  <properties/>
  <testcase name="testReset" classname="snakeGame.testScore" time="0.0"/>
  <testcase name="testEvaluate" classname="snakeGame.testScore" time="0.0"/>
  <system-out><![CDATA[]]></system-out>
  <system-err><![CDATA[]]></system-err>
</testsuite>
