<?xml version="1.0" encoding="UTF-8"?>
<testsuite name="snakeGame.testSnake" tests="4" skipped="0" failures="0" errors="0" timestamp="2023-05-25T23:23:20" hostname="Emilys-MacBook-Pro.local" time="0.001">
  <properties/>
  <testcase name="testMovementHorizontal" classname="snakeGame.testSnake" time="0.0"/>
  <testcase name="testCollision" classname="snakeGame.testSnake" time="0.001"/>
  <testcase name="testMovementVertical" classname="snakeGame.testSnake" time="0.0"/>
  <testcase name="testAppleEaten" classname="snakeGame.testSnake" time="0.0"/>
  <system-out><![CDATA[]]></system-out>
  <system-err><![CDATA[]]></system-err>
</testsuite>
